0 info it worked if it ends with ok
1 verbose cli [ '/usr/local/bin/node',
1 verbose cli   '/usr/local/bin/npm',
1 verbose cli   'install',
1 verbose cli   '-g',
1 verbose cli   'autorest' ]
2 info using npm@3.10.10
3 info using node@v6.11.0
4 silly loadCurrentTree Starting
5 silly install loadCurrentTree
6 silly install readGlobalPackageData
7 silly fetchPackageMetaData autorest
8 silly fetchNamedPackageData autorest
9 silly mapToRegistry name autorest
10 silly mapToRegistry using default registry
11 silly mapToRegistry registry https://registry.npmjs.org/
12 silly mapToRegistry data Result {
12 silly mapToRegistry   raw: 'autorest',
12 silly mapToRegistry   scope: null,
12 silly mapToRegistry   escapedName: 'autorest',
12 silly mapToRegistry   name: 'autorest',
12 silly mapToRegistry   rawSpec: '',
12 silly mapToRegistry   spec: 'latest',
12 silly mapToRegistry   type: 'tag' }
13 silly mapToRegistry uri https://registry.npmjs.org/autorest
14 verbose request uri https://registry.npmjs.org/autorest
15 verbose request no auth needed
16 info attempt registry request try #1 at 08:12:38
17 verbose request id 23a3abf618cd7c6f
18 http request GET https://registry.npmjs.org/autorest
19 http 200 https://registry.npmjs.org/autorest
20 verbose headers { server: 'nginx/1.10.1',
20 verbose headers   'content-type': 'application/json',
20 verbose headers   'last-modified': 'Thu, 30 Nov 2017 23:02:08 GMT',
20 verbose headers   etag: 'W/"5a208df0-2efcc"',
20 verbose headers   'content-encoding': 'gzip',
20 verbose headers   'cache-control': 'max-age=300',
20 verbose headers   'content-length': '14639',
20 verbose headers   'accept-ranges': 'bytes',
20 verbose headers   date: 'Mon, 04 Dec 2017 07:12:39 GMT',
20 verbose headers   via: '1.1 varnish',
20 verbose headers   age: '0',
20 verbose headers   connection: 'keep-alive',
20 verbose headers   'x-served-by': 'cache-hhn1524-HHN',
20 verbose headers   'x-cache': 'MISS',
20 verbose headers   'x-cache-hits': '0',
20 verbose headers   'x-timer': 'S1512371559.994777,VS0,VE6',
20 verbose headers   vary: 'Accept-Encoding, Accept' }
21 silly get cb [ 200,
21 silly get   { server: 'nginx/1.10.1',
21 silly get     'content-type': 'application/json',
21 silly get     'last-modified': 'Thu, 30 Nov 2017 23:02:08 GMT',
21 silly get     etag: 'W/"5a208df0-2efcc"',
21 silly get     'content-encoding': 'gzip',
21 silly get     'cache-control': 'max-age=300',
21 silly get     'content-length': '14639',
21 silly get     'accept-ranges': 'bytes',
21 silly get     date: 'Mon, 04 Dec 2017 07:12:39 GMT',
21 silly get     via: '1.1 varnish',
21 silly get     age: '0',
21 silly get     connection: 'keep-alive',
21 silly get     'x-served-by': 'cache-hhn1524-HHN',
21 silly get     'x-cache': 'MISS',
21 silly get     'x-cache-hits': '0',
21 silly get     'x-timer': 'S1512371559.994777,VS0,VE6',
21 silly get     vary: 'Accept-Encoding, Accept' } ]
22 verbose get saving autorest to /Users/marcelwege/.npm/registry.npmjs.org/autorest/.cache.json
23 verbose correctMkdir /Users/marcelwege/.npm correctMkdir not in flight; initializing
24 silly install normalizeTree
25 silly loadCurrentTree Finishing
26 silly loadIdealTree Starting
27 silly install loadIdealTree
28 silly cloneCurrentTree Starting
29 silly install cloneCurrentTreeToIdealTree
30 silly cloneCurrentTree Finishing
31 silly loadShrinkwrap Starting
32 silly install loadShrinkwrap
33 silly loadShrinkwrap Finishing
34 silly loadAllDepsIntoIdealTree Starting
35 silly install loadAllDepsIntoIdealTree
36 silly resolveWithNewModule autorest@2.0.4215 checking installable status
37 silly cache add args [ 'autorest', null ]
38 verbose cache add spec autorest
39 silly cache add parsed spec Result {
39 silly cache add   raw: 'autorest',
39 silly cache add   scope: null,
39 silly cache add   escapedName: 'autorest',
39 silly cache add   name: 'autorest',
39 silly cache add   rawSpec: '',
39 silly cache add   spec: 'latest',
39 silly cache add   type: 'tag' }
40 silly addNamed autorest@latest
41 verbose addNamed "latest" is being treated as a dist-tag for autorest
42 info addNameTag [ 'autorest', 'latest' ]
43 silly mapToRegistry name autorest
44 silly mapToRegistry using default registry
45 silly mapToRegistry registry https://registry.npmjs.org/
46 silly mapToRegistry data Result {
46 silly mapToRegistry   raw: 'autorest',
46 silly mapToRegistry   scope: null,
46 silly mapToRegistry   escapedName: 'autorest',
46 silly mapToRegistry   name: 'autorest',
46 silly mapToRegistry   rawSpec: '',
46 silly mapToRegistry   spec: 'latest',
46 silly mapToRegistry   type: 'tag' }
47 silly mapToRegistry uri https://registry.npmjs.org/autorest
48 verbose addNameTag registry:https://registry.npmjs.org/autorest not in flight; fetching
49 verbose get https://registry.npmjs.org/autorest not expired, no request
50 silly addNameTag next cb for autorest with tag latest
51 silly addNamed autorest@2.0.4215
52 verbose addNamed "2.0.4215" is a plain semver version for autorest
53 silly mapToRegistry name autorest
54 silly mapToRegistry using default registry
55 silly mapToRegistry registry https://registry.npmjs.org/
56 silly mapToRegistry data Result {
56 silly mapToRegistry   raw: 'autorest',
56 silly mapToRegistry   scope: null,
56 silly mapToRegistry   escapedName: 'autorest',
56 silly mapToRegistry   name: 'autorest',
56 silly mapToRegistry   rawSpec: '',
56 silly mapToRegistry   spec: 'latest',
56 silly mapToRegistry   type: 'tag' }
57 silly mapToRegistry uri https://registry.npmjs.org/autorest
58 verbose addRemoteTarball https://registry.npmjs.org/autorest/-/autorest-2.0.4215.tgz not in flight; adding
59 verbose addRemoteTarball [ 'https://registry.npmjs.org/autorest/-/autorest-2.0.4215.tgz',
59 verbose addRemoteTarball   '3ecc0199a5b032da1cc275b64fa36fdf04fdbef1' ]
60 info retry fetch attempt 1 at 08:12:39
61 info attempt registry request try #1 at 08:12:39
62 http fetch GET https://registry.npmjs.org/autorest/-/autorest-2.0.4215.tgz
63 http fetch 200 https://registry.npmjs.org/autorest/-/autorest-2.0.4215.tgz
64 silly fetchAndShaCheck shasum 3ecc0199a5b032da1cc275b64fa36fdf04fdbef1
65 verbose addTmpTarball /var/folders/68/l19gsvjj6tj3jkf6rtkgch540000gn/T/npm-7846-5bfaf916/registry.npmjs.org/autorest/-/autorest-2.0.4215.tgz not in flight; adding
66 verbose addTmpTarball already have metadata; skipping unpack for autorest@2.0.4215
67 verbose correctMkdir /Users/marcelwege/.npm correctMkdir not in flight; initializing
68 silly cache afterAdd autorest@2.0.4215
69 verbose afterAdd /Users/marcelwege/.npm/autorest/2.0.4215/package/package.json not in flight; writing
70 verbose correctMkdir /Users/marcelwege/.npm correctMkdir not in flight; initializing
71 verbose afterAdd /Users/marcelwege/.npm/autorest/2.0.4215/package/package.json written
72 silly loadAllDepsIntoIdealTree Finishing
73 silly loadIdealTree Finishing
74 silly currentTree lib
75 silly idealTree lib
75 silly idealTree └── autorest@2.0.4215
76 silly generateActionsToTake Starting
77 silly install generateActionsToTake
78 silly generateActionsToTake Finishing
79 silly diffTrees action count 1
80 silly diffTrees add autorest@2.0.4215
81 silly decomposeActions action count 8
82 silly decomposeActions fetch autorest@2.0.4215
83 silly decomposeActions extract autorest@2.0.4215
84 silly decomposeActions test autorest@2.0.4215
85 silly decomposeActions preinstall autorest@2.0.4215
86 silly decomposeActions build autorest@2.0.4215
87 silly decomposeActions install autorest@2.0.4215
88 silly decomposeActions postinstall autorest@2.0.4215
89 silly decomposeActions finalize autorest@2.0.4215
90 silly runTopLevelLifecycles Starting
91 silly executeActions Starting
92 silly install executeActions
93 silly doSerial global-install 0
94 silly doParallel fetch 1
95 verbose correctMkdir /Users/marcelwege/.npm/_locks correctMkdir not in flight; initializing
96 verbose lock using /Users/marcelwege/.npm/_locks/staging-3a08f0df5026584d.lock for /usr/local/lib/node_modules/.staging
97 silly doParallel extract 1
98 silly extract autorest@2.0.4215
99 verbose unbuild lib/node_modules/.staging/autorest-722f9091
100 silly gentlyRm /usr/local/lib/node_modules/.staging/autorest-722f9091 is being purged from base /usr/local
101 verbose gentlyRm don't care about contents; nuking /usr/local/lib/node_modules/.staging/autorest-722f9091
102 verbose tar unpack /Users/marcelwege/.npm/autorest/2.0.4215/package.tgz
103 verbose tar unpacking to /usr/local/lib/node_modules/.staging/autorest-722f9091
104 silly gentlyRm /usr/local/lib/node_modules/.staging/autorest-722f9091 is being purged
105 verbose gentlyRm don't care about contents; nuking /usr/local/lib/node_modules/.staging/autorest-722f9091
106 silly gunzTarPerm modes [ '755', '644' ]
107 silly gunzTarPerm extractEntry package.json
108 silly gunzTarPerm modified mode [ 'package.json', 438, 420 ]
109 silly gunzTarPerm extractEntry post-install.js
110 silly gunzTarPerm modified mode [ 'post-install.js', 438, 420 ]
111 silly gunzTarPerm extractEntry preinstall-check.js
112 silly gunzTarPerm modified mode [ 'preinstall-check.js', 438, 420 ]
113 silly gunzTarPerm extractEntry readme.md
114 silly gunzTarPerm modified mode [ 'readme.md', 438, 420 ]
115 silly gunzTarPerm extractEntry dist/app.d.ts
116 silly gunzTarPerm modified mode [ 'dist/app.d.ts', 438, 420 ]
117 silly gunzTarPerm extractEntry dist/app.js
118 silly gunzTarPerm modified mode [ 'dist/app.js', 438, 420 ]
119 silly gunzTarPerm extractEntry dist/autorest-as-a-service.d.ts
120 silly gunzTarPerm modified mode [ 'dist/autorest-as-a-service.d.ts', 438, 420 ]
121 silly gunzTarPerm extractEntry dist/autorest-as-a-service.js
122 silly gunzTarPerm modified mode [ 'dist/autorest-as-a-service.js', 438, 420 ]
123 silly gunzTarPerm extractEntry dist/interfaces/autorest-core.d.ts
124 silly gunzTarPerm modified mode [ 'dist/interfaces/autorest-core.d.ts', 438, 420 ]
125 silly gunzTarPerm extractEntry dist/interfaces/source-maps.d.ts
126 silly gunzTarPerm modified mode [ 'dist/interfaces/source-maps.d.ts', 438, 420 ]
127 silly gunzTarPerm extractEntry dist/interfaces/vscode.d.ts
128 silly gunzTarPerm modified mode [ 'dist/interfaces/vscode.d.ts', 438, 420 ]
129 silly gunzTarPerm extractEntry dist/main.d.ts
130 silly gunzTarPerm modified mode [ 'dist/main.d.ts', 438, 420 ]
131 silly gunzTarPerm extractEntry dist/main.js
132 silly gunzTarPerm modified mode [ 'dist/main.js', 438, 420 ]
133 silly gunzTarPerm extractEntry dist/static_modules.fs
134 silly gunzTarPerm modified mode [ 'dist/static_modules.fs', 438, 420 ]
135 silly gunzTarPerm extractEntry dist/static-loader.js
136 silly gunzTarPerm modified mode [ 'dist/static-loader.js', 438, 420 ]
137 silly gunzTarPerm extractEntry dist/test/basic-test.d.ts
138 silly gunzTarPerm modified mode [ 'dist/test/basic-test.d.ts', 438, 420 ]
139 silly gunzTarPerm extractEntry dist/test/basic-test.js
140 silly gunzTarPerm modified mode [ 'dist/test/basic-test.js', 438, 420 ]
141 silly gunzTarPerm extractEntry interfaces/autorest-core.d.ts
142 silly gunzTarPerm modified mode [ 'interfaces/autorest-core.d.ts', 438, 420 ]
143 silly gunzTarPerm extractEntry interfaces/source-maps.d.ts
144 silly gunzTarPerm modified mode [ 'interfaces/source-maps.d.ts', 438, 420 ]
145 silly gunzTarPerm extractEntry interfaces/vscode.d.ts
146 silly gunzTarPerm modified mode [ 'interfaces/vscode.d.ts', 438, 420 ]
147 silly gentlyRm /usr/local/lib/node_modules/.staging/autorest-722f9091/node_modules is being purged
148 verbose gentlyRm don't care about contents; nuking /usr/local/lib/node_modules/.staging/autorest-722f9091/node_modules
149 silly doParallel preinstall 1
150 silly preinstall autorest@2.0.4215 /usr/local/lib/node_modules/.staging/autorest-722f9091
151 info lifecycle autorest@2.0.4215~preinstall: autorest@2.0.4215
152 verbose lifecycle autorest@2.0.4215~preinstall: unsafe-perm in lifecycle true
153 verbose lifecycle autorest@2.0.4215~preinstall: PATH: /usr/local/lib/node_modules/npm/bin/node-gyp-bin:/usr/local/lib/node_modules/.staging/autorest-722f9091/node_modules/.bin:/usr/local/lib/node_modules/.bin:/usr/local/bin:/usr/bin:/bin:/usr/sbin:/sbin:$HOME/.composer/vendor/bin:/Library/TeX/texbin:/Library/Frameworks/Mono.framework/Versions/Current/Commands:/Users/marcelwege/.composer/vendor/bin:/Users/marcelwege/.antigen/bundles/robbyrussell/oh-my-zsh/lib:/Users/marcelwege/.antigen/bundles/robbyrussell/oh-my-zsh/plugins/git:/Users/marcelwege/.antigen/bundles/robbyrussell/oh-my-zsh/plugins/heroku:/Users/marcelwege/.antigen/bundles/robbyrussell/oh-my-zsh/plugins/pip:/Users/marcelwege/.antigen/bundles/robbyrussell/oh-my-zsh/plugins/lein:/Users/marcelwege/.antigen/bundles/robbyrussell/oh-my-zsh/plugins/command-not-found:/Users/marcelwege/.antigen/bundles/zsh-users/zsh-syntax-highlighting
154 verbose lifecycle autorest@2.0.4215~preinstall: CWD: /usr/local/lib/node_modules/.staging/autorest-722f9091
155 silly lifecycle autorest@2.0.4215~preinstall: Args: [ '-c', 'node ./preinstall-check' ]
156 silly lifecycle autorest@2.0.4215~preinstall: Returned: code: 1  signal: null
157 info lifecycle autorest@2.0.4215~preinstall: Failed to exec preinstall script
158 verbose unlock done using /Users/marcelwege/.npm/_locks/staging-3a08f0df5026584d.lock for /usr/local/lib/node_modules/.staging
159 silly rollbackFailedOptional Starting
160 silly rollbackFailedOptional Finishing
161 silly runTopLevelLifecycles Finishing
162 silly install printInstalled
163 verbose stack Error: autorest@2.0.4215 preinstall: `node ./preinstall-check`
163 verbose stack Exit status 1
163 verbose stack     at EventEmitter.<anonymous> (/usr/local/lib/node_modules/npm/lib/utils/lifecycle.js:255:16)
163 verbose stack     at emitTwo (events.js:106:13)
163 verbose stack     at EventEmitter.emit (events.js:191:7)
163 verbose stack     at ChildProcess.<anonymous> (/usr/local/lib/node_modules/npm/lib/utils/spawn.js:40:14)
163 verbose stack     at emitTwo (events.js:106:13)
163 verbose stack     at ChildProcess.emit (events.js:191:7)
163 verbose stack     at maybeClose (internal/child_process.js:891:16)
163 verbose stack     at Process.ChildProcess._handle.onexit (internal/child_process.js:226:5)
164 verbose pkgid autorest@2.0.4215
165 verbose cwd /Users/marcelwege/SourceCodes/siwecos-core-api
166 error Darwin 17.2.0
167 error argv "/usr/local/bin/node" "/usr/local/bin/npm" "install" "-g" "autorest"
168 error node v6.11.0
169 error npm  v3.10.10
170 error code ELIFECYCLE
171 error autorest@2.0.4215 preinstall: `node ./preinstall-check`
171 error Exit status 1
172 error Failed at the autorest@2.0.4215 preinstall script 'node ./preinstall-check'.
172 error Make sure you have the latest version of node.js and npm installed.
172 error If you do, this is most likely a problem with the autorest package,
172 error not with npm itself.
172 error Tell the author that this fails on your system:
172 error     node ./preinstall-check
172 error You can get information on how to open an issue for this project with:
172 error     npm bugs autorest
172 error Or if that isn't available, you can get their info via:
172 error     npm owner ls autorest
172 error There is likely additional logging output above.
173 verbose exit [ 1, true ]
